c:\users\nickr\source\repos\fallout new vegas internal hack\fallout new vegas internal hack\debug\vc143.pdb
c:\users\nickr\source\repos\fallout new vegas internal hack\fallout new vegas internal hack\debug\vc143.idb
c:\users\nickr\source\repos\fallout new vegas internal hack\fallout new vegas internal hack\debug\internalfunctions.obj
c:\users\nickr\source\repos\fallout new vegas internal hack\fallout new vegas internal hack\debug\dllmain.obj
c:\users\nickr\source\repos\fallout new vegas internal hack\fallout new vegas internal hack\debug\player.obj
c:\users\nickr\source\repos\fallout new vegas internal hack\fallout new vegas internal hack\debug\game.obj
c:\users\nickr\source\repos\fallout new vegas internal hack\fallout new vegas internal hack\debug\entity.obj
c:\users\nickr\source\repos\fallout new vegas internal hack\fallout new vegas internal hack\debug\address.obj
c:\users\nickr\source\repos\fallout new vegas internal hack\fallout new vegas internal hack\debug\character.obj
c:\users\nickr\source\repos\fallout new vegas internal hack\fallout new vegas internal hack\debug\newvegashacks.obj
c:\users\nickr\source\repos\fallout new vegas internal hack\fallout new vegas internal hack\debug\aimbot.obj
c:\users\nickr\source\repos\fallout new vegas internal hack\debug\fallout new vegas internal hack.pdb
c:\users\nickr\source\repos\fallout new vegas internal hack\fallout new vegas internal hack\debug\fallout .4b47a528.tlog\cl.command.1.tlog
c:\users\nickr\source\repos\fallout new vegas internal hack\fallout new vegas internal hack\debug\fallout .4b47a528.tlog\cl.read.1.tlog
c:\users\nickr\source\repos\fallout new vegas internal hack\fallout new vegas internal hack\debug\fallout .4b47a528.tlog\cl.write.1.tlog
c:\users\nickr\source\repos\fallout new vegas internal hack\fallout new vegas internal hack\debug\fallout .4b47a528.tlog\link-cvtres.read.1.tlog
c:\users\nickr\source\repos\fallout new vegas internal hack\fallout new vegas internal hack\debug\fallout .4b47a528.tlog\link-cvtres.write.1.tlog
c:\users\nickr\source\repos\fallout new vegas internal hack\fallout new vegas internal hack\debug\fallout .4b47a528.tlog\link-rc.read.1.tlog
c:\users\nickr\source\repos\fallout new vegas internal hack\fallout new vegas internal hack\debug\fallout .4b47a528.tlog\link-rc.write.1.tlog
c:\users\nickr\source\repos\fallout new vegas internal hack\fallout new vegas internal hack\debug\fallout .4b47a528.tlog\link.3480-cvtres.read.1.tlog
c:\users\nickr\source\repos\fallout new vegas internal hack\fallout new vegas internal hack\debug\fallout .4b47a528.tlog\link.3480-cvtres.write.1.tlog
c:\users\nickr\source\repos\fallout new vegas internal hack\fallout new vegas internal hack\debug\fallout .4b47a528.tlog\link.3480-rc.read.1.tlog
c:\users\nickr\source\repos\fallout new vegas internal hack\fallout new vegas internal hack\debug\fallout .4b47a528.tlog\link.3480-rc.write.1.tlog
c:\users\nickr\source\repos\fallout new vegas internal hack\fallout new vegas internal hack\debug\fallout .4b47a528.tlog\link.3480.read.1.tlog
c:\users\nickr\source\repos\fallout new vegas internal hack\fallout new vegas internal hack\debug\fallout .4b47a528.tlog\link.3480.write.1.tlog
c:\users\nickr\source\repos\fallout new vegas internal hack\fallout new vegas internal hack\debug\fallout .4b47a528.tlog\link.command.1.tlog
c:\users\nickr\source\repos\fallout new vegas internal hack\fallout new vegas internal hack\debug\fallout .4b47a528.tlog\link.read.1.tlog
c:\users\nickr\source\repos\fallout new vegas internal hack\fallout new vegas internal hack\debug\fallout .4b47a528.tlog\link.write.1.tlog
